2026-03-29 17:15:42,665 - INFO - 
======================================================================
2026-03-29 17:15:42,666 - INFO - PHASE 2: ASSOCIATION RULE MINING - FULL PIPELINE
2026-03-29 17:15:42,666 - INFO - Started: 2026-03-29 17:15:42
2026-03-29 17:15:42,666 - INFO - ======================================================================

2026-03-29 17:15:42,666 - INFO - ======================================================================
2026-03-29 17:15:42,666 - INFO - STEP 1-2: LOADING BASKET DATA
2026-03-29 17:15:42,666 - INFO - ======================================================================
2026-03-29 17:15:42,849 - INFO - Loaded 100196 rows from C:\Users\sdnr1\OneDrive\Desktop\DM_project\data\master_cleaned.csv
2026-03-29 17:15:43,810 - INFO - 
--- BASKET VALIDATION ---
2026-03-29 17:15:43,810 - INFO - Total transactions: 96478
2026-03-29 17:15:43,814 - INFO - Avg categories per transaction: 1.01
2026-03-29 17:15:43,817 - INFO - Min categories per transaction: 1
2026-03-29 17:15:43,820 - INFO - Max categories per transaction: 3
2026-03-29 17:15:43,822 - INFO - Empty baskets: 0
2026-03-29 17:15:43,825 - INFO - Unique categories: 72
2026-03-29 17:15:43,825 - INFO - Categories: ['agro_industry_and_commerce', 'air_conditioning', 'art', 'arts_and_craftmanship', 'audio', 'auto', 'baby', 'bed_bath_table', 'books_general_interest', 'books_imported', 'books_technical', 'cds_dvds_musicals', 'christmas_supplies', 'cine_photo', 'computers', 'computers_accessories', 'consoles_games', 'construction_tools_construction', 'construction_tools_lights', 'construction_tools_safety', 'cool_stuff', 'costruction_tools_garden', 'costruction_tools_tools', 'diapers_and_hygiene', 'drinks', 'dvds_blu_ray', 'electronics', 'fashio_female_clothing', 'fashion_bags_accessories', 'fashion_childrens_clothes', 'fashion_male_clothing', 'fashion_shoes', 'fashion_sport', 'fashion_underwear_beach', 'fixed_telephony', 'flowers', 'food', 'food_drink', 'furniture_bedroom', 'furniture_decor', 'furniture_living_room', 'furniture_mattress_and_upholstery', 'garden_tools', 'health_beauty', 'home_appliances', 'home_appliances_2', 'home_comfort_2', 'home_confort', 'home_construction', 'housewares', 'industry_commerce_and_business', 'kitchen_dining_laundry_garden_furniture', 'la_cuisine', 'luggage_accessories', 'market_place', 'music', 'musical_instruments', 'office_furniture', 'others', 'party_supplies', 'perfumery', 'pet_shop', 'security_and_services', 'signaling_and_security', 'small_appliances', 'small_appliances_home_oven_and_coffee', 'sports_leisure', 'stationery', 'tablets_printing_image', 'telephony', 'toys', 'watches_gifts']
2026-03-29 17:15:43,832 - INFO - Single-category transactions: 95698 (99.2%)
2026-03-29 17:15:43,833 - INFO - Multi-category transactions: 780 (0.8%)
2026-03-29 17:15:43,853 - INFO - 
Transaction matrix shape: (96478, 72)
2026-03-29 17:15:43,865 - INFO - Sparsity: 98.6%
2026-03-29 17:15:43,865 - INFO - [OK] Data preparation successful

2026-03-29 17:15:43,865 - INFO - ======================================================================
2026-03-29 17:15:43,865 - INFO - CREATING MULTI-CATEGORY TRANSACTION SUBSET
2026-03-29 17:15:43,865 - INFO - ======================================================================
2026-03-29 17:15:43,869 - INFO - 
Multi-category transactions: 780
2026-03-29 17:15:43,869 - INFO - Percentage of total: 0.81%
2026-03-29 17:15:43,870 - INFO - Avg categories per basket: 2.02
2026-03-29 17:15:43,870 - INFO - Matrix shape: (780, 62)
2026-03-29 17:15:43,871 - INFO - Sparsity: 96.7%
2026-03-29 17:15:43,871 - INFO - [OK] Multi-category matrix created

2026-03-29 17:15:43,871 - INFO - ======================================================================
2026-03-29 17:15:43,871 - INFO - STEP 3: RUNNING APRIORI ALGORITHM
2026-03-29 17:15:43,871 - INFO - ======================================================================
2026-03-29 17:15:43,871 - INFO - 
Apriori - Support threshold: 0.1%
2026-03-29 17:15:43,892 - INFO -   Frequent itemsets: 339
2026-03-29 17:15:43,896 - INFO - ======================================================================
2026-03-29 17:15:43,896 - INFO - STEP 2.5: CALCULATING ADDITIONAL INTERESTINGNESS MEASURES
2026-03-29 17:15:43,896 - INFO - ======================================================================
2026-03-29 17:15:43,902 - INFO - 
--- ADDITIONAL MEASURES CALCULATED ---
2026-03-29 17:15:43,903 - INFO - Rules enhanced: 82
2026-03-29 17:15:43,903 - INFO - Avg Cosine: 0.1621
2026-03-29 17:15:43,903 - INFO - Avg Kulczynski: 0.3533
2026-03-29 17:15:43,903 - INFO - Avg All Confidence: 0.0655
2026-03-29 17:15:43,903 - INFO - 
--- MEASURE CORRELATIONS WITH LIFT ---
2026-03-29 17:15:43,903 - INFO - Cosine vs Lift correlation: 0.7882
2026-03-29 17:15:43,903 - INFO - Kulczynski vs Lift correlation: 0.5106
2026-03-29 17:15:43,903 - INFO - All Confidence vs Lift correlation: 0.7402
2026-03-29 17:15:43,903 - INFO - [OK] Additional measures complete

2026-03-29 17:15:43,904 - INFO -   Association rules (confidence >= 30.0%): 82
2026-03-29 17:15:43,904 - INFO -   Avg support: 0.0057
2026-03-29 17:15:43,904 - INFO -   Avg confidence: 0.6350
2026-03-29 17:15:43,904 - INFO -   Avg lift: 22.5654
2026-03-29 17:15:43,904 - INFO - 
Apriori - Support threshold: 0.2%
2026-03-29 17:15:43,912 - INFO -   Frequent itemsets: 173
2026-03-29 17:15:43,914 - INFO - ======================================================================
2026-03-29 17:15:43,914 - INFO - STEP 2.5: CALCULATING ADDITIONAL INTERESTINGNESS MEASURES
2026-03-29 17:15:43,914 - INFO - ======================================================================
2026-03-29 17:15:43,918 - INFO - 
--- ADDITIONAL MEASURES CALCULATED ---
2026-03-29 17:15:43,918 - INFO - Rules enhanced: 25
2026-03-29 17:15:43,918 - INFO - Avg Cosine: 0.2024
2026-03-29 17:15:43,918 - INFO - Avg Kulczynski: 0.3157
2026-03-29 17:15:43,918 - INFO - Avg All Confidence: 0.1021
2026-03-29 17:15:43,918 - INFO - 
--- MEASURE CORRELATIONS WITH LIFT ---
2026-03-29 17:15:43,918 - INFO - Cosine vs Lift correlation: 0.3758
2026-03-29 17:15:43,919 - INFO - Kulczynski vs Lift correlation: 0.5135
2026-03-29 17:15:43,919 - INFO - All Confidence vs Lift correlation: 0.0649
2026-03-29 17:15:43,919 - INFO - [OK] Additional measures complete

2026-03-29 17:15:43,919 - INFO -   Association rules (confidence >= 30.0%): 25
2026-03-29 17:15:43,919 - INFO -   Avg support: 0.0157
2026-03-29 17:15:43,919 - INFO -   Avg confidence: 0.5293
2026-03-29 17:15:43,919 - INFO -   Avg lift: 6.8446
2026-03-29 17:15:43,919 - INFO - 
Apriori - Support threshold: 0.5%
2026-03-29 17:15:43,923 - INFO -   Frequent itemsets: 91
2026-03-29 17:15:43,925 - INFO - ======================================================================
2026-03-29 17:15:43,925 - INFO - STEP 2.5: CALCULATING ADDITIONAL INTERESTINGNESS MEASURES
2026-03-29 17:15:43,925 - INFO - ======================================================================
2026-03-29 17:15:43,927 - INFO - 
--- ADDITIONAL MEASURES CALCULATED ---
2026-03-29 17:15:43,927 - INFO - Rules enhanced: 15
2026-03-29 17:15:43,927 - INFO - Avg Cosine: 0.2387
2026-03-29 17:15:43,927 - INFO - Avg Kulczynski: 0.3219
2026-03-29 17:15:43,927 - INFO - Avg All Confidence: 0.1381
2026-03-29 17:15:43,927 - INFO - 
--- MEASURE CORRELATIONS WITH LIFT ---
2026-03-29 17:15:43,927 - INFO - Cosine vs Lift correlation: 0.3822
2026-03-29 17:15:43,927 - INFO - Kulczynski vs Lift correlation: 0.5187
2026-03-29 17:15:43,927 - INFO - All Confidence vs Lift correlation: -0.0106
2026-03-29 17:15:43,928 - INFO - [OK] Additional measures complete

2026-03-29 17:15:43,928 - INFO -   Association rules (confidence >= 30.0%): 15
2026-03-29 17:15:43,928 - INFO -   Avg support: 0.0243
2026-03-29 17:15:43,928 - INFO -   Avg confidence: 0.5056
2026-03-29 17:15:43,928 - INFO -   Avg lift: 4.4495
2026-03-29 17:15:43,928 - INFO - 
Apriori - Support threshold: 1.0%
2026-03-29 17:15:43,930 - INFO -   Frequent itemsets: 53
2026-03-29 17:15:43,932 - INFO - ======================================================================
2026-03-29 17:15:43,932 - INFO - STEP 2.5: CALCULATING ADDITIONAL INTERESTINGNESS MEASURES
2026-03-29 17:15:43,932 - INFO - ======================================================================
2026-03-29 17:15:43,933 - INFO - 
--- ADDITIONAL MEASURES CALCULATED ---
2026-03-29 17:15:43,933 - INFO - Rules enhanced: 8
2026-03-29 17:15:43,933 - INFO - Avg Cosine: 0.2833
2026-03-29 17:15:43,933 - INFO - Avg Kulczynski: 0.3398
2026-03-29 17:15:43,934 - INFO - Avg All Confidence: 0.1903
2026-03-29 17:15:43,934 - INFO - 
--- MEASURE CORRELATIONS WITH LIFT ---
2026-03-29 17:15:43,934 - INFO - Cosine vs Lift correlation: -0.0867
2026-03-29 17:15:43,934 - INFO - Kulczynski vs Lift correlation: -0.0714
2026-03-29 17:15:43,934 - INFO - All Confidence vs Lift correlation: -0.3630
2026-03-29 17:15:43,934 - INFO - [OK] Additional measures complete

2026-03-29 17:15:43,934 - INFO -   Association rules (confidence >= 30.0%): 8
2026-03-29 17:15:43,934 - INFO -   Avg support: 0.0394
2026-03-29 17:15:43,934 - INFO -   Avg confidence: 0.4891
2026-03-29 17:15:43,934 - INFO -   Avg lift: 2.9809
2026-03-29 17:15:43,934 - INFO - 
Apriori - Support threshold: 2.0%
2026-03-29 17:15:43,936 - INFO -   Frequent itemsets: 31
2026-03-29 17:15:43,938 - INFO - ======================================================================
2026-03-29 17:15:43,938 - INFO - STEP 2.5: CALCULATING ADDITIONAL INTERESTINGNESS MEASURES
2026-03-29 17:15:43,938 - INFO - ======================================================================
2026-03-29 17:15:43,939 - INFO - 
--- ADDITIONAL MEASURES CALCULATED ---
2026-03-29 17:15:43,939 - INFO - Rules enhanced: 4
2026-03-29 17:15:43,939 - INFO - Avg Cosine: 0.3477
2026-03-29 17:15:43,939 - INFO - Avg Kulczynski: 0.3781
2026-03-29 17:15:43,939 - INFO - Avg All Confidence: 0.2756
2026-03-29 17:15:43,939 - INFO - 
--- MEASURE CORRELATIONS WITH LIFT ---
2026-03-29 17:15:43,939 - INFO - Cosine vs Lift correlation: 0.1355
2026-03-29 17:15:43,939 - INFO - Kulczynski vs Lift correlation: 0.4246
2026-03-29 17:15:43,939 - INFO - All Confidence vs Lift correlation: -0.9944
2026-03-29 17:15:43,939 - INFO - [OK] Additional measures complete

2026-03-29 17:15:43,940 - INFO -   Association rules (confidence >= 30.0%): 4
2026-03-29 17:15:43,940 - INFO -   Avg support: 0.0647
2026-03-29 17:15:43,940 - INFO -   Avg confidence: 0.4801
2026-03-29 17:15:43,940 - INFO -   Avg lift: 2.2665
2026-03-29 17:15:43,940 - INFO - 
[OK] Apriori complete

2026-03-29 17:15:43,940 - INFO - ======================================================================
2026-03-29 17:15:43,940 - INFO - STEP 4: RUNNING FP-GROWTH ALGORITHM
2026-03-29 17:15:43,940 - INFO - ======================================================================
2026-03-29 17:15:43,940 - INFO - 
FP-Growth - Support threshold: 0.1%
2026-03-29 17:15:43,944 - INFO -   Frequent itemsets: 339
2026-03-29 17:15:43,946 - INFO - ======================================================================
2026-03-29 17:15:43,946 - INFO - STEP 2.5: CALCULATING ADDITIONAL INTERESTINGNESS MEASURES
2026-03-29 17:15:43,947 - INFO - ======================================================================
2026-03-29 17:15:43,953 - INFO - 
--- ADDITIONAL MEASURES CALCULATED ---
2026-03-29 17:15:43,953 - INFO - Rules enhanced: 82
2026-03-29 17:15:43,953 - INFO - Avg Cosine: 0.1621
2026-03-29 17:15:43,953 - INFO - Avg Kulczynski: 0.3533
2026-03-29 17:15:43,953 - INFO - Avg All Confidence: 0.0655
2026-03-29 17:15:43,953 - INFO - 
--- MEASURE CORRELATIONS WITH LIFT ---
2026-03-29 17:15:43,954 - INFO - Cosine vs Lift correlation: 0.7882
2026-03-29 17:15:43,954 - INFO - Kulczynski vs Lift correlation: 0.5106
2026-03-29 17:15:43,954 - INFO - All Confidence vs Lift correlation: 0.7402
2026-03-29 17:15:43,954 - INFO - [OK] Additional measures complete

2026-03-29 17:15:43,954 - INFO -   Association rules (confidence >= 30.0%): 82
2026-03-29 17:15:43,954 - INFO -   Avg support (among multi-item carts): 0.0057
2026-03-29 17:15:43,954 - INFO -   Avg confidence: 0.6350
2026-03-29 17:15:43,954 - INFO -   Avg lift: 22.5654
2026-03-29 17:15:43,954 - INFO - 
FP-Growth - Support threshold: 0.2%
2026-03-29 17:15:43,958 - INFO -   Frequent itemsets: 173
2026-03-29 17:15:43,960 - INFO - ======================================================================
2026-03-29 17:15:43,960 - INFO - STEP 2.5: CALCULATING ADDITIONAL INTERESTINGNESS MEASURES
2026-03-29 17:15:43,960 - INFO - ======================================================================
2026-03-29 17:15:43,963 - INFO - 
--- ADDITIONAL MEASURES CALCULATED ---
2026-03-29 17:15:43,963 - INFO - Rules enhanced: 25
2026-03-29 17:15:43,963 - INFO - Avg Cosine: 0.2024
2026-03-29 17:15:43,963 - INFO - Avg Kulczynski: 0.3157
2026-03-29 17:15:43,963 - INFO - Avg All Confidence: 0.1021
2026-03-29 17:15:43,963 - INFO - 
--- MEASURE CORRELATIONS WITH LIFT ---
2026-03-29 17:15:43,964 - INFO - Cosine vs Lift correlation: 0.3758
2026-03-29 17:15:43,964 - INFO - Kulczynski vs Lift correlation: 0.5135
2026-03-29 17:15:43,964 - INFO - All Confidence vs Lift correlation: 0.0649
2026-03-29 17:15:43,964 - INFO - [OK] Additional measures complete

2026-03-29 17:15:43,964 - INFO -   Association rules (confidence >= 30.0%): 25
2026-03-29 17:15:43,964 - INFO -   Avg support (among multi-item carts): 0.0157
2026-03-29 17:15:43,964 - INFO -   Avg confidence: 0.5293
2026-03-29 17:15:43,964 - INFO -   Avg lift: 6.8446
2026-03-29 17:15:43,964 - INFO - 
FP-Growth - Support threshold: 0.5%
2026-03-29 17:15:43,967 - INFO -   Frequent itemsets: 91
2026-03-29 17:15:43,969 - INFO - ======================================================================
2026-03-29 17:15:43,969 - INFO - STEP 2.5: CALCULATING ADDITIONAL INTERESTINGNESS MEASURES
2026-03-29 17:15:43,969 - INFO - ======================================================================
2026-03-29 17:15:43,971 - INFO - 
--- ADDITIONAL MEASURES CALCULATED ---
2026-03-29 17:15:43,971 - INFO - Rules enhanced: 15
2026-03-29 17:15:43,971 - INFO - Avg Cosine: 0.2387
2026-03-29 17:15:43,972 - INFO - Avg Kulczynski: 0.3219
2026-03-29 17:15:43,972 - INFO - Avg All Confidence: 0.1381
2026-03-29 17:15:43,972 - INFO - 
--- MEASURE CORRELATIONS WITH LIFT ---
2026-03-29 17:15:43,972 - INFO - Cosine vs Lift correlation: 0.3822
2026-03-29 17:15:43,972 - INFO - Kulczynski vs Lift correlation: 0.5187
2026-03-29 17:15:43,972 - INFO - All Confidence vs Lift correlation: -0.0106
2026-03-29 17:15:43,972 - INFO - [OK] Additional measures complete

2026-03-29 17:15:43,972 - INFO -   Association rules (confidence >= 30.0%): 15
2026-03-29 17:15:43,972 - INFO -   Avg support (among multi-item carts): 0.0243
2026-03-29 17:15:43,972 - INFO -   Avg confidence: 0.5056
2026-03-29 17:15:43,972 - INFO -   Avg lift: 4.4495
2026-03-29 17:15:43,973 - INFO - 
FP-Growth - Support threshold: 1.0%
2026-03-29 17:15:43,976 - INFO -   Frequent itemsets: 53
2026-03-29 17:15:43,978 - INFO - ======================================================================
2026-03-29 17:15:43,978 - INFO - STEP 2.5: CALCULATING ADDITIONAL INTERESTINGNESS MEASURES
2026-03-29 17:15:43,978 - INFO - ======================================================================
2026-03-29 17:15:43,979 - INFO - 
--- ADDITIONAL MEASURES CALCULATED ---
2026-03-29 17:15:43,979 - INFO - Rules enhanced: 8
2026-03-29 17:15:43,979 - INFO - Avg Cosine: 0.2833
2026-03-29 17:15:43,979 - INFO - Avg Kulczynski: 0.3398
2026-03-29 17:15:43,979 - INFO - Avg All Confidence: 0.1903
2026-03-29 17:15:43,979 - INFO - 
--- MEASURE CORRELATIONS WITH LIFT ---
2026-03-29 17:15:43,980 - INFO - Cosine vs Lift correlation: -0.0867
2026-03-29 17:15:43,980 - INFO - Kulczynski vs Lift correlation: -0.0714
2026-03-29 17:15:43,980 - INFO - All Confidence vs Lift correlation: -0.3630
2026-03-29 17:15:43,980 - INFO - [OK] Additional measures complete

2026-03-29 17:15:43,980 - INFO -   Association rules (confidence >= 30.0%): 8
2026-03-29 17:15:43,980 - INFO -   Avg support (among multi-item carts): 0.0394
2026-03-29 17:15:43,980 - INFO -   Avg confidence: 0.4891
2026-03-29 17:15:43,980 - INFO -   Avg lift: 2.9809
2026-03-29 17:15:43,981 - INFO - 
FP-Growth - Support threshold: 2.0%
2026-03-29 17:15:43,983 - INFO -   Frequent itemsets: 31
2026-03-29 17:15:43,985 - INFO - ======================================================================
2026-03-29 17:15:43,985 - INFO - STEP 2.5: CALCULATING ADDITIONAL INTERESTINGNESS MEASURES
2026-03-29 17:15:43,985 - INFO - ======================================================================
2026-03-29 17:15:43,986 - INFO - 
--- ADDITIONAL MEASURES CALCULATED ---
2026-03-29 17:15:43,986 - INFO - Rules enhanced: 4
2026-03-29 17:15:43,986 - INFO - Avg Cosine: 0.3477
2026-03-29 17:15:43,986 - INFO - Avg Kulczynski: 0.3781
2026-03-29 17:15:43,987 - INFO - Avg All Confidence: 0.2756
2026-03-29 17:15:43,987 - INFO - 
--- MEASURE CORRELATIONS WITH LIFT ---
2026-03-29 17:15:43,987 - INFO - Cosine vs Lift correlation: 0.1355
2026-03-29 17:15:43,987 - INFO - Kulczynski vs Lift correlation: 0.4246
2026-03-29 17:15:43,987 - INFO - All Confidence vs Lift correlation: -0.9944
2026-03-29 17:15:43,987 - INFO - [OK] Additional measures complete

2026-03-29 17:15:43,987 - INFO -   Association rules (confidence >= 30.0%): 4
2026-03-29 17:15:43,987 - INFO -   Avg support (among multi-item carts): 0.0647
2026-03-29 17:15:43,987 - INFO -   Avg confidence: 0.4801
2026-03-29 17:15:43,987 - INFO -   Avg lift: 2.2665
2026-03-29 17:15:43,987 - INFO - 
[OK] FP-Growth complete

2026-03-29 17:15:43,987 - INFO - ======================================================================
2026-03-29 17:15:43,987 - INFO - STEP 5: ALGORITHM COMPARISON & SELECTION
2026-03-29 17:15:43,988 - INFO - ======================================================================
2026-03-29 17:15:43,988 - INFO - 
--- ALGORITHM COMPARISON ---
2026-03-29 17:15:44,037 - INFO - support  apriori_itemsets  apriori_rules  fpgrowth_itemsets  fpgrowth_rules  apriori_avg_lift  fpgrowth_avg_lift
   0.1%               339             82                339              82         22.565436          22.565436
   0.2%               173             25                173              25          6.844598           6.844598
   0.5%                91             15                 91              15          4.449514           4.449514
   1.0%                53              8                 53               8          2.980876           2.980876
2026-03-29 17:15:44,038 - INFO - 
--- SELECTING OPTIMAL THRESHOLD ---
2026-03-29 17:15:44,038 - INFO -   Support 0.1%: 82 rules (diff from target 35: 47)
2026-03-29 17:15:44,038 - INFO -   Support 0.2%: 25 rules (diff from target 35: 10)
2026-03-29 17:15:44,038 - INFO -   Support 0.5%: 15 rules (diff from target 35: 20)
2026-03-29 17:15:44,038 - INFO -   Support 1.0%: 8 rules (diff from target 35: 27)
2026-03-29 17:15:44,038 - INFO - 
[OK] Optimal threshold selected: 0.2%
2026-03-29 17:15:44,038 - INFO - [OK] Final ruleset: 25 rules
2026-03-29 17:15:44,038 - INFO - [OK] Algorithm comparison complete

2026-03-29 17:15:44,038 - INFO - ======================================================================
2026-03-29 17:15:44,038 - INFO - STEP 6: BUSINESS INSIGHTS - Q1: ANCHORS vs ADD-ONS
2026-03-29 17:15:44,038 - INFO - ======================================================================
2026-03-29 17:15:44,039 - INFO - 
--- ANCHOR vs ADD-ON ANALYSIS ---
2026-03-29 17:15:44,039 - INFO - Total categories analyzed: 33
2026-03-29 17:15:44,039 - INFO - 
Top 5 Anchors (initiators):
2026-03-29 17:15:44,040 - INFO -   food: Anchor Index 1.000 (appears 1 times in antecedent)
2026-03-29 17:15:44,040 - INFO -   home_construction: Anchor Index 1.000 (appears 1 times in antecedent)
2026-03-29 17:15:44,040 - INFO -   food_drink: Anchor Index 1.000 (appears 2 times in antecedent)
2026-03-29 17:15:44,040 - INFO -   kitchen_dining_laundry_garden_furniture: Anchor Index 1.000 (appears 1 times in antecedent)
2026-03-29 17:15:44,040 - INFO -   furniture_living_room: Anchor Index 1.000 (appears 1 times in antecedent)
2026-03-29 17:15:44,040 - INFO - 
Top 5 Add-ons (secondary):
2026-03-29 17:15:44,041 - INFO -   bed_bath_table: Anchor Index 0.250 (appears 3 times in consequent)
2026-03-29 17:15:44,041 - INFO -   furniture_decor: Anchor Index 0.143 (appears 6 times in consequent)
2026-03-29 17:15:44,041 - INFO -   market_place: Anchor Index 0.000 (appears 1 times in consequent)
2026-03-29 17:15:44,041 - INFO -   cool_stuff: Anchor Index 0.000 (appears 1 times in consequent)
2026-03-29 17:15:44,041 - INFO -   housewares: Anchor Index 0.000 (appears 2 times in consequent)
2026-03-29 17:15:44,041 - INFO - [OK] Anchor vs Add-on analysis complete

2026-03-29 17:15:44,041 - INFO - ======================================================================
2026-03-29 17:15:44,041 - INFO - STEP 6: BUSINESS INSIGHTS - Q2: HIDDEN AFFINITIES
2026-03-29 17:15:44,041 - INFO - ======================================================================
2026-03-29 17:15:44,042 - INFO - 
--- HIDDEN AFFINITIES (Lift > 1.5) ---
2026-03-29 17:15:44,042 - INFO - Found 22 surprising associations
2026-03-29 17:15:44,042 - INFO - 
Top 10 'surprise' rules:
2026-03-29 17:15:44,042 - INFO -   1. fashion_childrens_clothes -> fashion_bags_accessories
2026-03-29 17:15:44,042 - INFO -      Support: 0.0026, Confidence: 1.0000, Lift: 41.0526
2026-03-29 17:15:44,042 - INFO -   2. books_general_interest -> market_place
2026-03-29 17:15:44,042 - INFO -      Support: 0.0026, Confidence: 0.4000, Lift: 26.0000
2026-03-29 17:15:44,042 - INFO -   3. audio -> watches_gifts
2026-03-29 17:15:44,042 - INFO -      Support: 0.0077, Confidence: 1.0000, Lift: 19.5000
2026-03-29 17:15:44,042 - INFO -   4. fashion_shoes -> baby
2026-03-29 17:15:44,042 - INFO -      Support: 0.0026, Confidence: 1.0000, Lift: 8.3871
2026-03-29 17:15:44,042 - INFO -   5. luggage_accessories -> stationery
2026-03-29 17:15:44,042 - INFO -      Support: 0.0064, Confidence: 0.3333, Lift: 7.8788
2026-03-29 17:15:44,042 - INFO -   6. tablets_printing_image -> cool_stuff
2026-03-29 17:15:44,043 - INFO -      Support: 0.0026, Confidence: 0.6667, Lift: 7.7612
2026-03-29 17:15:44,043 - INFO -   7. fashion_bags_accessories -> others
2026-03-29 17:15:44,043 - INFO -      Support: 0.0115, Confidence: 0.4737, Lift: 6.0569
2026-03-29 17:15:44,043 - INFO -   8. food_drink -> sports_leisure
2026-03-29 17:15:44,043 - INFO -      Support: 0.0026, Confidence: 0.5000, Lift: 5.4167
2026-03-29 17:15:44,043 - INFO -   9. pet_shop -> others
2026-03-29 17:15:44,043 - INFO -      Support: 0.0077, Confidence: 0.4000, Lift: 5.1148
2026-03-29 17:15:44,043 - INFO -   10. perfumery -> health_beauty
2026-03-29 17:15:44,043 - INFO -      Support: 0.0141, Confidence: 0.4074, Lift: 4.4757
2026-03-29 17:15:44,043 - INFO - [OK] Hidden affinities analysis complete

2026-03-29 17:15:44,043 - INFO - ======================================================================
2026-03-29 17:15:44,043 - INFO - STEP 6: BUSINESS INSIGHTS - Q3: BUNDLING CANDIDATES
2026-03-29 17:15:44,043 - INFO - ======================================================================
2026-03-29 17:15:44,044 - INFO - 
--- TOP BUNDLING CANDIDATES (by Lift) ---
2026-03-29 17:15:44,044 - INFO - Selected top 20 pairs
2026-03-29 17:15:44,044 - INFO -   1. fashion_childrens_clothes + fashion_bags_accessories
2026-03-29 17:15:44,044 - INFO -      Lift: 41.053, Confidence: 100.0%, Support: 0.3%
2026-03-29 17:15:44,044 - INFO -   2. books_general_interest + market_place
2026-03-29 17:15:44,044 - INFO -      Lift: 26.000, Confidence: 40.0%, Support: 0.3%
2026-03-29 17:15:44,044 - INFO -   3. audio + watches_gifts
2026-03-29 17:15:44,045 - INFO -      Lift: 19.500, Confidence: 100.0%, Support: 0.8%
2026-03-29 17:15:44,045 - INFO -   4. fashion_shoes + baby
2026-03-29 17:15:44,045 - INFO -      Lift: 8.387, Confidence: 100.0%, Support: 0.3%
2026-03-29 17:15:44,045 - INFO -   5. luggage_accessories + stationery
2026-03-29 17:15:44,045 - INFO -      Lift: 7.879, Confidence: 33.3%, Support: 0.6%
2026-03-29 17:15:44,045 - INFO -   6. tablets_printing_image + cool_stuff
2026-03-29 17:15:44,045 - INFO -      Lift: 7.761, Confidence: 66.7%, Support: 0.3%
2026-03-29 17:15:44,045 - INFO -   7. fashion_bags_accessories + others
2026-03-29 17:15:44,045 - INFO -      Lift: 6.057, Confidence: 47.4%, Support: 1.2%
2026-03-29 17:15:44,045 - INFO -   8. food_drink + sports_leisure
2026-03-29 17:15:44,045 - INFO -      Lift: 5.417, Confidence: 50.0%, Support: 0.3%
2026-03-29 17:15:44,045 - INFO -   9. pet_shop + others
2026-03-29 17:15:44,045 - INFO -      Lift: 5.115, Confidence: 40.0%, Support: 0.8%
2026-03-29 17:15:44,045 - INFO -   10. perfumery + health_beauty
2026-03-29 17:15:44,045 - INFO -      Lift: 4.476, Confidence: 40.7%, Support: 1.4%
2026-03-29 17:15:44,045 - INFO -   11. costruction_tools_garden + others
2026-03-29 17:15:44,046 - INFO -      Lift: 4.262, Confidence: 33.3%, Support: 0.5%
2026-03-29 17:15:44,046 - INFO -   12. drinks + health_beauty
2026-03-29 17:15:44,046 - INFO -      Lift: 4.120, Confidence: 37.5%, Support: 0.4%
2026-03-29 17:15:44,046 - INFO -   13. food + health_beauty
2026-03-29 17:15:44,046 - INFO -      Lift: 4.120, Confidence: 37.5%, Support: 0.4%
2026-03-29 17:15:44,046 - INFO -   14. food_drink + housewares
2026-03-29 17:15:44,046 - INFO -      Lift: 3.362, Confidence: 50.0%, Support: 0.3%
2026-03-29 17:15:44,046 - INFO -   15. home_confort + bed_bath_table
2026-03-29 17:15:44,046 - INFO -      Lift: 3.304, Confidence: 86.0%, Support: 5.5%
2026-03-29 17:15:44,046 - INFO -   16. art + furniture_decor
2026-03-29 17:15:44,046 - INFO -      Lift: 3.186, Confidence: 83.3%, Support: 0.6%
2026-03-29 17:15:44,046 - INFO -   17. toys + baby
2026-03-29 17:15:44,046 - INFO -      Lift: 3.125, Confidence: 37.3%, Support: 2.4%
2026-03-29 17:15:44,046 - INFO -   18. construction_tools_lights + furniture_decor
2026-03-29 17:15:44,046 - INFO -      Lift: 2.337, Confidence: 61.1%, Support: 1.4%
2026-03-29 17:15:44,046 - INFO -   19. kitchen_dining_laundry_garden_furniture + housewares
2026-03-29 17:15:44,046 - INFO -      Lift: 2.241, Confidence: 33.3%, Support: 0.3%
2026-03-29 17:15:44,046 - INFO -   20. industry_commerce_and_business + furniture_decor
2026-03-29 17:15:44,046 - INFO -      Lift: 1.912, Confidence: 50.0%, Support: 0.3%
2026-03-29 17:15:44,047 - INFO - [OK] Bundling candidates extracted

2026-03-29 17:15:44,047 - INFO - ======================================================================
2026-03-29 17:15:44,047 - INFO - STEP 6: BUSINESS INSIGHTS - Q4: MARKET BASKET COMPOSITION
2026-03-29 17:15:44,047 - INFO - ======================================================================
2026-03-29 17:15:44,052 - INFO - 
--- MARKET BASKET COMPOSITION ---
2026-03-29 17:15:44,052 - INFO - Total orders: 96478
2026-03-29 17:15:44,052 - INFO - Single-category orders: 95698 (99.2%)
2026-03-29 17:15:44,052 - INFO - Multi-category orders: 780 (0.8%)
2026-03-29 17:15:44,055 - INFO - Avg categories per order: 1.01
2026-03-29 17:15:44,058 - INFO - Median categories per order: 1
2026-03-29 17:15:44,059 - INFO - Max categories per order: 3
2026-03-29 17:15:44,059 - INFO - 
Store Type Assessment: Specialized Store (customers focus on specific categories)
2026-03-29 17:15:44,059 - INFO - [OK] Market basket composition analysis complete

2026-03-29 17:15:44,064 - INFO - ======================================================================
2026-03-29 17:15:44,064 - INFO - STEP 6.5: SYNTHETIC BUNDLE RECOMMENDATIONS
2026-03-29 17:15:44,064 - INFO - ======================================================================
2026-03-29 17:15:44,065 - INFO - 
--- TOP 10 CATEGORY PAIRS (BY LIFT) ---
2026-03-29 17:15:44,065 - INFO - Note: Support is conditional on MULTI-ITEM CARTS ONLY (780 orders, 0.8% of total)
2026-03-29 17:15:44,065 - INFO - SKU Recommendations: Top 2 best-sellers from paired categories (overall sales)

2026-03-29 17:15:44,065 - INFO - Bundle 1: fashion_childrens_clothes -> fashion_bags_accessories
2026-03-29 17:15:44,065 - INFO -   Lift: 41.053, Confidence: 100.0%, Support (multi-cart): 0.3%
2026-03-29 17:15:44,072 - INFO -   Recommended SKUs from fashion_childrens_clothes:
2026-03-29 17:15:44,072 - INFO -     1. 57bdf3098169cccdb622... (3 sales overall)
2026-03-29 17:15:44,072 - INFO -     2. 8cfc3506cedc06263644... (2 sales overall)
2026-03-29 17:15:44,072 - INFO -   Recommended SKUs from fashion_bags_accessories:
2026-03-29 17:15:44,072 - INFO -     1. d017a2151d543a988560... (137 sales overall)
2026-03-29 17:15:44,072 - INFO -     2. 1ec486885049bbb9b793... (40 sales overall)
2026-03-29 17:15:44,072 - INFO - Bundle 2: books_general_interest -> market_place
2026-03-29 17:15:44,072 - INFO -   Lift: 26.000, Confidence: 40.0%, Support (multi-cart): 0.3%
2026-03-29 17:15:44,079 - INFO -   Recommended SKUs from books_general_interest:
2026-03-29 17:15:44,079 - INFO -     1. f35927953ed82e19d06a... (54 sales overall)
2026-03-29 17:15:44,079 - INFO -     2. 9d0bb30eed80184666c8... (18 sales overall)
2026-03-29 17:15:44,079 - INFO -   Recommended SKUs from market_place:
2026-03-29 17:15:44,079 - INFO -     1. 8d1cfc0463b545928bfb... (23 sales overall)
2026-03-29 17:15:44,079 - INFO -     2. 9af7b4a3262141c12ba9... (14 sales overall)
2026-03-29 17:15:44,079 - INFO - Bundle 3: audio -> watches_gifts
2026-03-29 17:15:44,079 - INFO -   Lift: 19.500, Confidence: 100.0%, Support (multi-cart): 0.8%
2026-03-29 17:15:44,087 - INFO -   Recommended SKUs from audio:
2026-03-29 17:15:44,087 - INFO -     1. db5efde3ad0cc579b130... (48 sales overall)
2026-03-29 17:15:44,087 - INFO -     2. a59fb60fddcc72a9878b... (42 sales overall)
2026-03-29 17:15:44,087 - INFO -   Recommended SKUs from watches_gifts:
2026-03-29 17:15:44,087 - INFO -     1. 53b36df67ebb7c41585e... (304 sales overall)
2026-03-29 17:15:44,087 - INFO -     2. e0d64dcfaa3b6db5c54c... (193 sales overall)
2026-03-29 17:15:44,088 - INFO - Bundle 4: fashion_shoes -> baby
2026-03-29 17:15:44,088 - INFO -   Lift: 8.387, Confidence: 100.0%, Support (multi-cart): 0.3%
2026-03-29 17:15:44,095 - INFO -   Recommended SKUs from fashion_shoes:
2026-03-29 17:15:44,095 - INFO -     1. a2c75a23c2f838881dd4... (9 sales overall)
2026-03-29 17:15:44,095 - INFO -     2. ac5e164e2eda939ffa46... (9 sales overall)
2026-03-29 17:15:44,095 - INFO -   Recommended SKUs from baby:
2026-03-29 17:15:44,095 - INFO -     1. cac9e5692471a0700418... (87 sales overall)
2026-03-29 17:15:44,095 - INFO -     2. ea44caac707f7f132518... (59 sales overall)
2026-03-29 17:15:44,096 - INFO - Bundle 5: luggage_accessories -> stationery
2026-03-29 17:15:44,096 - INFO -   Lift: 7.879, Confidence: 33.3%, Support (multi-cart): 0.6%
2026-03-29 17:15:44,104 - INFO -   Recommended SKUs from luggage_accessories:
2026-03-29 17:15:44,104 - INFO -     1. f71973c922ccaab05514... (60 sales overall)
2026-03-29 17:15:44,104 - INFO -     2. af51d485dc5255ba2e18... (54 sales overall)
2026-03-29 17:15:44,104 - INFO -   Recommended SKUs from stationery:
2026-03-29 17:15:44,104 - INFO -     1. fb55982be901439613a9... (82 sales overall)
2026-03-29 17:15:44,104 - INFO -     2. 5411e9269501a870cabf... (74 sales overall)
2026-03-29 17:15:44,104 - INFO - Bundle 6: tablets_printing_image -> cool_stuff
2026-03-29 17:15:44,104 - INFO -   Lift: 7.761, Confidence: 66.7%, Support (multi-cart): 0.3%
2026-03-29 17:15:44,111 - INFO -   Recommended SKUs from tablets_printing_image:
2026-03-29 17:15:44,111 - INFO -     1. 6bbe55cf8f85c87b6eeb... (32 sales overall)
2026-03-29 17:15:44,111 - INFO -     2. 34dabb8af33b3756cf72... (20 sales overall)
2026-03-29 17:15:44,111 - INFO -   Recommended SKUs from cool_stuff:
2026-03-29 17:15:44,111 - INFO -     1. c6dd917a0be2a7045820... (120 sales overall)
2026-03-29 17:15:44,111 - INFO -     2. 601a360bd2a916ecef0e... (117 sales overall)
2026-03-29 17:15:44,111 - INFO - Bundle 7: fashion_bags_accessories -> others
2026-03-29 17:15:44,112 - INFO -   Lift: 6.057, Confidence: 47.4%, Support (multi-cart): 1.2%
2026-03-29 17:15:44,121 - INFO -   Recommended SKUs from fashion_bags_accessories:
2026-03-29 17:15:44,121 - INFO -     1. d017a2151d543a988560... (137 sales overall)
2026-03-29 17:15:44,121 - INFO -     2. 1ec486885049bbb9b793... (40 sales overall)
2026-03-29 17:15:44,121 - INFO -   Recommended SKUs from others:
2026-03-29 17:15:44,121 - INFO -     1. 5a848e4ab52fd5445cdc... (187 sales overall)
2026-03-29 17:15:44,122 - INFO -     2. b1d207586fca400a2370... (42 sales overall)
2026-03-29 17:15:44,122 - INFO - Bundle 8: food_drink -> sports_leisure
2026-03-29 17:15:44,122 - INFO -   Lift: 5.417, Confidence: 50.0%, Support (multi-cart): 0.3%
2026-03-29 17:15:44,130 - INFO -   Recommended SKUs from food_drink:
2026-03-29 17:15:44,130 - INFO -     1. 84f5c4f480ad6c9998d6... (23 sales overall)
2026-03-29 17:15:44,130 - INFO -     2. 42eb5329dd0ee3d76d13... (13 sales overall)
2026-03-29 17:15:44,130 - INFO -   Recommended SKUs from sports_leisure:
2026-03-29 17:15:44,130 - INFO -     1. c6336fa91fbd87c359e4... (80 sales overall)
2026-03-29 17:15:44,130 - INFO -     2. e44f675b60b3a3a2453e... (77 sales overall)
2026-03-29 17:15:44,130 - INFO - Bundle 9: pet_shop -> others
2026-03-29 17:15:44,130 - INFO -   Lift: 5.115, Confidence: 40.0%, Support (multi-cart): 0.8%
2026-03-29 17:15:44,138 - INFO -   Recommended SKUs from pet_shop:
2026-03-29 17:15:44,138 - INFO -     1. a4aa7c1427c31344e5f7... (41 sales overall)
2026-03-29 17:15:44,138 - INFO -     2. ca5c923962558430573f... (36 sales overall)
2026-03-29 17:15:44,138 - INFO -   Recommended SKUs from others:
2026-03-29 17:15:44,138 - INFO -     1. 5a848e4ab52fd5445cdc... (187 sales overall)
2026-03-29 17:15:44,138 - INFO -     2. b1d207586fca400a2370... (42 sales overall)
2026-03-29 17:15:44,138 - INFO - Bundle 10: perfumery -> health_beauty
2026-03-29 17:15:44,138 - INFO -   Lift: 4.476, Confidence: 40.7%, Support (multi-cart): 1.4%
2026-03-29 17:15:44,147 - INFO -   Recommended SKUs from perfumery:
2026-03-29 17:15:44,147 - INFO -     1. 2028bf1b01cafb2d2b19... (128 sales overall)
2026-03-29 17:15:44,148 - INFO -     2. 595fac2a385ac33a80bd... (98 sales overall)
2026-03-29 17:15:44,148 - INFO -   Recommended SKUs from health_beauty:
2026-03-29 17:15:44,148 - INFO -     1. 154e7e31ebfa09220379... (262 sales overall)
2026-03-29 17:15:44,148 - INFO -     2. 2b4609f8948be1887449... (254 sales overall)
2026-03-29 17:15:44,148 - INFO - 
[OK] Synthetic bundle recommendations complete: 10 bundles created
2026-03-29 17:15:44,148 - INFO - Bundle Strategy: Pairing best-sellers from categories with strong statistical association
2026-03-29 17:15:44,148 - INFO - 
======================================================================
2026-03-29 17:15:44,148 - INFO - PIPELINE EXECUTION COMPLETE
2026-03-29 17:15:44,148 - INFO - Completed: 2026-03-29 17:15:44
2026-03-29 17:15:44,148 - INFO - ======================================================================

