2026-04-25 16:40:13,537 - INFO - 
======================================================================
2026-04-25 16:40:13,537 - INFO - PHASE 2: INTRA-CATEGORY ASSOCIATION RULE MINING
2026-04-25 16:40:13,537 - INFO - ======================================================================

2026-04-25 16:40:13,537 - INFO - ======================================================================
2026-04-25 16:40:13,537 - INFO - INTRA-CATEGORY ARM: DATA PREPARATION
2026-04-25 16:40:13,537 - INFO - ======================================================================
2026-04-25 16:40:13,830 - INFO - 
Orders with 2+ items, 1 category: 2,417
2026-04-25 16:40:13,831 - INFO - Total items in these orders: 5,229
2026-04-25 16:40:13,831 - INFO - Avg items per order: 2.16
2026-04-25 16:40:13,832 - INFO - Unique products involved: 3,677
2026-04-25 16:40:13,871 - INFO - 
Baskets created: 2,417
2026-04-25 16:40:13,871 - INFO - Avg unique products per basket: 2.16
2026-04-25 16:40:13,877 - INFO - Matrix shape: (2417, 3677) (3677 unique products)
2026-04-25 16:40:13,891 - INFO - Sparsity: 99.9%
2026-04-25 16:40:13,891 - INFO - 
Note: High sparsity is expected with 3,677 products
2026-04-25 16:40:13,892 - INFO - [OK] Data preparation complete

2026-04-25 16:40:13,895 - INFO - ======================================================================
2026-04-25 16:40:13,895 - INFO - APRIORI ALGORITHM
2026-04-25 16:40:13,895 - INFO - ======================================================================
2026-04-25 16:40:13,895 - INFO - 
Support threshold: 1.0%
2026-04-25 16:40:13,906 - INFO - Frequent itemsets: 3
2026-04-25 16:40:13,909 - INFO - Association rules (confidence >= 30%): 2
2026-04-25 16:40:13,911 - INFO -   Avg support: 0.0141
2026-04-25 16:40:13,912 - INFO -   Avg confidence: 80.15%
2026-04-25 16:40:13,912 - INFO -   Avg lift: 45.05
2026-04-25 16:40:13,912 - INFO -   Max lift: 45.05
2026-04-25 16:40:13,912 - INFO -   Avg cosine: 0.7961
2026-04-25 16:40:13,912 - INFO -   Avg kulczynski: 0.8015
2026-04-25 16:40:13,912 - INFO -   Avg all_confidence: 0.7083
2026-04-25 16:40:13,912 - INFO -   Avg max_confidence: 0.8947
2026-04-25 16:40:13,912 - INFO -   Avg imbalance_ratio: 0.1923
2026-04-25 16:40:13,912 - INFO - 
  These products co-occur frequently enough to be:
2026-04-25 16:40:13,912 - INFO -   - Recommended together
2026-04-25 16:40:13,912 - INFO -   - Pre-bundled
2026-04-25 16:40:13,912 - INFO -   - Cross-merchandised in store
2026-04-25 16:40:13,912 - INFO - [OK] Apriori complete

2026-04-25 16:40:13,912 - INFO - ======================================================================
2026-04-25 16:40:13,912 - INFO - FP-GROWTH ALGORITHM
2026-04-25 16:40:13,912 - INFO - ======================================================================
2026-04-25 16:40:13,912 - INFO - 
Support threshold: 1.0%
2026-04-25 16:40:13,927 - INFO - Frequent itemsets: 3
2026-04-25 16:40:13,929 - INFO - Association rules (confidence >= 30%): 2
2026-04-25 16:40:13,931 - INFO -   Avg support: 0.0141
2026-04-25 16:40:13,931 - INFO -   Avg confidence: 80.15%
2026-04-25 16:40:13,932 - INFO -   Avg lift: 45.05
2026-04-25 16:40:13,932 - INFO -   Max lift: 45.05
2026-04-25 16:40:13,932 - INFO -   Avg cosine: 0.7961
2026-04-25 16:40:13,932 - INFO -   Avg kulczynski: 0.8015
2026-04-25 16:40:13,932 - INFO -   Avg all_confidence: 0.7083
2026-04-25 16:40:13,932 - INFO -   Avg max_confidence: 0.8947
2026-04-25 16:40:13,932 - INFO -   Avg imbalance_ratio: 0.1923
2026-04-25 16:40:13,932 - INFO - [OK] FP-Growth complete

2026-04-25 16:40:13,932 - INFO - ======================================================================
2026-04-25 16:40:13,932 - INFO - ALGORITHM CONVERGENCE VALIDATION
2026-04-25 16:40:13,932 - INFO - ======================================================================
2026-04-25 16:40:13,932 - INFO - 
Apriori rules: 2
2026-04-25 16:40:13,932 - INFO - FP-Growth rules: 2
2026-04-25 16:40:13,932 - INFO - [OK] 100% CONVERGENCE: Both algorithms produced identical rule counts
2026-04-25 16:40:13,932 - INFO - 
Convergence status: PASS

2026-04-25 16:40:13,932 - INFO - ======================================================================
2026-04-25 16:40:13,932 - INFO - SAVING RESULTS
2026-04-25 16:40:13,932 - INFO - ======================================================================
2026-04-25 16:40:13,936 - INFO - 
Rules saved to: C:\Users\sdnr1\OneDrive\Desktop\DM_project\phase2\new_implementation\outputs\intra_category\intra_category_rules.csv
2026-04-25 16:40:13,938 - INFO - Export copy saved to: C:\Users\sdnr1\OneDrive\Desktop\DM_project\phase2\new_implementation\outputs\exports\intra_category_rules_export.csv
2026-04-25 16:40:13,939 - INFO - Summary saved to: C:\Users\sdnr1\OneDrive\Desktop\DM_project\phase2\new_implementation\outputs\intra_category\intra_category_summary.txt
2026-04-25 16:40:14,616 - INFO - Visualizations saved to: C:\Users\sdnr1\OneDrive\Desktop\DM_project\phase2\new_implementation\outputs\visualizations
2026-04-25 16:40:14,616 - INFO - [OK] Results saved

2026-04-25 16:40:14,616 - INFO - ======================================================================
2026-04-25 16:40:14,616 - INFO - INTRA-CATEGORY ARM COMPLETE
2026-04-25 16:40:14,616 - INFO - ======================================================================

2026-04-25 16:45:50,619 - INFO - 
======================================================================
2026-04-25 16:45:50,619 - INFO - PHASE 2: INTRA-CATEGORY ASSOCIATION RULE MINING
2026-04-25 16:45:50,619 - INFO - ======================================================================

2026-04-25 16:45:50,619 - INFO - ======================================================================
2026-04-25 16:45:50,619 - INFO - INTRA-CATEGORY ARM: DATA PREPARATION
2026-04-25 16:45:50,619 - INFO - ======================================================================
2026-04-25 16:45:50,892 - INFO - 
Orders with 2+ items, 1 category: 2,417
2026-04-25 16:45:50,892 - INFO - Total items in these orders: 5,229
2026-04-25 16:45:50,892 - INFO - Avg items per order: 2.16
2026-04-25 16:45:50,893 - INFO - Unique products involved: 3,677
2026-04-25 16:45:50,931 - INFO - 
Baskets created: 2,417
2026-04-25 16:45:50,931 - INFO - Avg unique products per basket: 2.16
2026-04-25 16:45:50,936 - INFO - Matrix shape: (2417, 3677) (3677 unique products)
2026-04-25 16:45:50,950 - INFO - Sparsity: 99.9%
2026-04-25 16:45:50,950 - INFO - 
Note: High sparsity is expected with 3,677 products
2026-04-25 16:45:50,951 - INFO - [OK] Data preparation complete

2026-04-25 16:45:50,954 - INFO - ======================================================================
2026-04-25 16:45:50,954 - INFO - APRIORI ALGORITHM
2026-04-25 16:45:50,954 - INFO - ======================================================================
2026-04-25 16:45:50,954 - INFO - 
Support threshold: 1.0%
2026-04-25 16:45:50,966 - INFO - Frequent itemsets: 3
2026-04-25 16:45:50,967 - INFO - Association rules (confidence >= 30%): 2
2026-04-25 16:45:50,969 - INFO -   Avg support: 0.0141
2026-04-25 16:45:50,970 - INFO -   Avg confidence: 80.15%
2026-04-25 16:45:50,970 - INFO -   Avg lift: 45.05
2026-04-25 16:45:50,970 - INFO -   Max lift: 45.05
2026-04-25 16:45:50,970 - INFO -   Avg cosine: 0.7961
2026-04-25 16:45:50,970 - INFO -   Avg kulczynski: 0.8015
2026-04-25 16:45:50,970 - INFO -   Avg all_confidence: 0.7083
2026-04-25 16:45:50,970 - INFO -   Avg max_confidence: 0.8947
2026-04-25 16:45:50,971 - INFO -   Avg imbalance_ratio: 0.1923
2026-04-25 16:45:50,971 - INFO - 
  These products co-occur frequently enough to be:
2026-04-25 16:45:50,971 - INFO -   - Recommended together
2026-04-25 16:45:50,971 - INFO -   - Pre-bundled
2026-04-25 16:45:50,971 - INFO -   - Cross-merchandised in store
2026-04-25 16:45:50,971 - INFO - [OK] Apriori complete

2026-04-25 16:45:50,971 - INFO - ======================================================================
2026-04-25 16:45:50,971 - INFO - FP-GROWTH ALGORITHM
2026-04-25 16:45:50,971 - INFO - ======================================================================
2026-04-25 16:45:50,972 - INFO - 
Support threshold: 1.0%
2026-04-25 16:45:50,988 - INFO - Frequent itemsets: 3
2026-04-25 16:45:50,989 - INFO - Association rules (confidence >= 30%): 2
2026-04-25 16:45:50,993 - INFO -   Avg support: 0.0141
2026-04-25 16:45:50,993 - INFO -   Avg confidence: 80.15%
2026-04-25 16:45:50,993 - INFO -   Avg lift: 45.05
2026-04-25 16:45:50,993 - INFO -   Max lift: 45.05
2026-04-25 16:45:50,993 - INFO -   Avg cosine: 0.7961
2026-04-25 16:45:50,993 - INFO -   Avg kulczynski: 0.8015
2026-04-25 16:45:50,993 - INFO -   Avg all_confidence: 0.7083
2026-04-25 16:45:50,993 - INFO -   Avg max_confidence: 0.8947
2026-04-25 16:45:50,993 - INFO -   Avg imbalance_ratio: 0.1923
2026-04-25 16:45:50,993 - INFO - [OK] FP-Growth complete

2026-04-25 16:45:50,993 - INFO - ======================================================================
2026-04-25 16:45:50,993 - INFO - ALGORITHM CONVERGENCE VALIDATION
2026-04-25 16:45:50,993 - INFO - ======================================================================
2026-04-25 16:45:50,994 - INFO - 
Apriori rules: 2
2026-04-25 16:45:50,994 - INFO - FP-Growth rules: 2
2026-04-25 16:45:50,994 - INFO - [OK] 100% CONVERGENCE: Both algorithms produced identical rule counts
2026-04-25 16:45:50,994 - INFO - 
Convergence status: PASS

2026-04-25 16:45:50,994 - INFO - ======================================================================
2026-04-25 16:45:50,994 - INFO - SAVING RESULTS
2026-04-25 16:45:50,994 - INFO - ======================================================================
2026-04-25 16:45:50,998 - INFO - 
Rules saved to: C:\Users\sdnr1\OneDrive\Desktop\DM_project\phase2\new_implementation\outputs\intra_category\intra_category_rules.csv
2026-04-25 16:45:51,004 - INFO - Exports saved to: C:\Users\sdnr1\OneDrive\Desktop\DM_project\phase2\new_implementation\outputs\intra_category\exports
2026-04-25 16:45:51,005 - INFO - Summary saved to: C:\Users\sdnr1\OneDrive\Desktop\DM_project\phase2\new_implementation\outputs\intra_category\intra_category_summary.txt
2026-04-25 16:45:52,122 - INFO - Visualizations saved to: C:\Users\sdnr1\OneDrive\Desktop\DM_project\phase2\new_implementation\outputs\intra_category\visualizations
2026-04-25 16:45:52,122 - INFO - [OK] Results saved

2026-04-25 16:45:52,122 - INFO - ======================================================================
2026-04-25 16:45:52,122 - INFO - INTRA-CATEGORY ARM COMPLETE
2026-04-25 16:45:52,122 - INFO - ======================================================================

2026-04-26 02:08:17,121 - INFO - 
======================================================================
2026-04-26 02:08:17,121 - INFO - PHASE 2: INTRA-CATEGORY ASSOCIATION RULE MINING
2026-04-26 02:08:17,121 - INFO - ======================================================================

2026-04-26 02:08:17,121 - INFO - ======================================================================
2026-04-26 02:08:17,121 - INFO - INTRA-CATEGORY ARM: DATA PREPARATION
2026-04-26 02:08:17,121 - INFO - ======================================================================
2026-04-26 02:08:17,386 - INFO - 
Orders with 2+ items, 1 category: 2,417
2026-04-26 02:08:17,386 - INFO - Total items in these orders: 5,229
2026-04-26 02:08:17,386 - INFO - Avg items per order: 2.16
2026-04-26 02:08:17,386 - INFO - Unique products involved: 3,677
2026-04-26 02:08:17,435 - INFO - 
Baskets created: 2,417
2026-04-26 02:08:17,435 - INFO - Avg unique products per basket: 2.16
2026-04-26 02:08:17,451 - INFO - Matrix shape: (2417, 3677) (3677 unique products)
2026-04-26 02:08:17,463 - INFO - Sparsity: 99.9%
2026-04-26 02:08:17,463 - INFO - 
Note: High sparsity is expected with 3,677 products
2026-04-26 02:08:17,463 - INFO - [OK] Data preparation complete

2026-04-26 02:08:17,465 - INFO - ======================================================================
2026-04-26 02:08:17,465 - INFO - APRIORI ALGORITHM
2026-04-26 02:08:17,465 - INFO - ======================================================================
2026-04-26 02:08:17,466 - INFO - 
Support threshold: 1.0%
2026-04-26 02:08:17,475 - INFO - Frequent itemsets: 3
2026-04-26 02:08:17,477 - INFO - Association rules (confidence >= 30%): 2
2026-04-26 02:08:17,479 - INFO -   Avg support: 0.0141
2026-04-26 02:08:17,479 - INFO -   Avg confidence: 80.15%
2026-04-26 02:08:17,479 - INFO -   Avg lift: 45.05
2026-04-26 02:08:17,479 - INFO -   Max lift: 45.05
2026-04-26 02:08:17,479 - INFO -   Avg cosine: 0.7961
2026-04-26 02:08:17,479 - INFO -   Avg kulczynski: 0.8015
2026-04-26 02:08:17,479 - INFO -   Avg all_confidence: 0.7083
2026-04-26 02:08:17,480 - INFO -   Avg max_confidence: 0.8947
2026-04-26 02:08:17,480 - INFO -   Avg imbalance_ratio: 0.1923
2026-04-26 02:08:17,480 - INFO - 
  These products co-occur frequently enough to be:
2026-04-26 02:08:17,480 - INFO -   - Recommended together
2026-04-26 02:08:17,480 - INFO -   - Pre-bundled
2026-04-26 02:08:17,480 - INFO -   - Cross-merchandised in store
2026-04-26 02:08:17,480 - INFO - [OK] Apriori complete

2026-04-26 02:08:17,480 - INFO - ======================================================================
2026-04-26 02:08:17,480 - INFO - FP-GROWTH ALGORITHM
2026-04-26 02:08:17,480 - INFO - ======================================================================
2026-04-26 02:08:17,480 - INFO - 
Support threshold: 1.0%
2026-04-26 02:08:17,523 - INFO - Frequent itemsets: 3
2026-04-26 02:08:17,524 - INFO - Association rules (confidence >= 30%): 2
2026-04-26 02:08:17,527 - INFO -   Avg support: 0.0141
2026-04-26 02:08:17,527 - INFO -   Avg confidence: 80.15%
2026-04-26 02:08:17,527 - INFO -   Avg lift: 45.05
2026-04-26 02:08:17,527 - INFO -   Max lift: 45.05
2026-04-26 02:08:17,527 - INFO -   Avg cosine: 0.7961
2026-04-26 02:08:17,527 - INFO -   Avg kulczynski: 0.8015
2026-04-26 02:08:17,527 - INFO -   Avg all_confidence: 0.7083
2026-04-26 02:08:17,527 - INFO -   Avg max_confidence: 0.8947
2026-04-26 02:08:17,527 - INFO -   Avg imbalance_ratio: 0.1923
2026-04-26 02:08:17,527 - INFO - [OK] FP-Growth complete

2026-04-26 02:08:17,527 - INFO - ======================================================================
2026-04-26 02:08:17,527 - INFO - ALGORITHM CONVERGENCE VALIDATION
2026-04-26 02:08:17,527 - INFO - ======================================================================
2026-04-26 02:08:17,527 - INFO - 
Apriori rules: 2
2026-04-26 02:08:17,527 - INFO - FP-Growth rules: 2
2026-04-26 02:08:17,527 - INFO - [OK] 100% CONVERGENCE: Both algorithms produced identical rule counts
2026-04-26 02:08:17,527 - INFO - 
Convergence status: PASS

2026-04-26 02:08:17,527 - INFO - ======================================================================
2026-04-26 02:08:17,527 - INFO - SAVING RESULTS
2026-04-26 02:08:17,527 - INFO - ======================================================================
2026-04-26 02:08:17,530 - INFO - 
Rules saved to: C:\Users\sdnr1\OneDrive\Desktop\DM_project\phase2\new_implementation\outputs\intra_category\intra_category_rules.csv
2026-04-26 02:08:17,534 - INFO - Exports saved to: C:\Users\sdnr1\OneDrive\Desktop\DM_project\phase2\new_implementation\outputs\intra_category\exports
2026-04-26 02:08:17,534 - INFO - Summary saved to: C:\Users\sdnr1\OneDrive\Desktop\DM_project\phase2\new_implementation\outputs\intra_category\intra_category_summary.txt
2026-04-26 02:08:19,479 - INFO - Visualizations saved to: C:\Users\sdnr1\OneDrive\Desktop\DM_project\phase2\new_implementation\outputs\intra_category\visualizations
2026-04-26 02:08:19,479 - INFO - [OK] Results saved

2026-04-26 02:08:19,479 - INFO - ======================================================================
2026-04-26 02:08:19,479 - INFO - INTRA-CATEGORY ARM COMPLETE
2026-04-26 02:08:19,479 - INFO - ======================================================================

