2026-04-25 16:38:58,540 - INFO - 
======================================================================
2026-04-25 16:38:58,540 - INFO - PHASE 2: CROSS-CATEGORY ASSOCIATION RULE MINING
2026-04-25 16:38:58,541 - INFO - ======================================================================

2026-04-25 16:38:58,541 - INFO - ======================================================================
2026-04-25 16:38:58,541 - INFO - CROSS-CATEGORY ARM: DATA PREPARATION
2026-04-25 16:38:58,541 - INFO - ======================================================================
2026-04-25 16:40:06,604 - INFO - 
======================================================================
2026-04-25 16:40:06,604 - INFO - PHASE 2: CROSS-CATEGORY ASSOCIATION RULE MINING
2026-04-25 16:40:06,604 - INFO - ======================================================================

2026-04-25 16:40:06,604 - INFO - ======================================================================
2026-04-25 16:40:06,605 - INFO - CROSS-CATEGORY ARM: DATA PREPARATION
2026-04-25 16:40:06,605 - INFO - ======================================================================
2026-04-25 16:40:06,883 - INFO - 
Total orders analyzed: 780
2026-04-25 16:40:06,883 - INFO - Total items in multi-category orders: 1,686
2026-04-25 16:40:06,883 - INFO - Avg items per multi-category order: 2.16
2026-04-25 16:40:06,892 - INFO - 
Baskets created: 780
2026-04-25 16:40:06,892 - INFO - Avg categories per basket: 2.02
2026-04-25 16:40:06,893 - INFO - Matrix shape: (780, 62) (62 unique categories)
2026-04-25 16:40:06,895 - INFO - Sparsity: 96.7%
2026-04-25 16:40:06,895 - INFO - [OK] Data preparation complete

2026-04-25 16:40:06,901 - INFO - ======================================================================
2026-04-25 16:40:06,901 - INFO - APRIORI ALGORITHM
2026-04-25 16:40:06,902 - INFO - ======================================================================
2026-04-25 16:40:06,902 - INFO - 
Support threshold: 0.2%
2026-04-25 16:40:06,913 - INFO - Frequent itemsets: 173
2026-04-25 16:40:06,916 - INFO - Association rules (confidence >= 30%): 25
2026-04-25 16:40:06,918 - INFO -   Avg support: 0.0157
2026-04-25 16:40:06,919 - INFO -   Avg confidence: 52.93%
2026-04-25 16:40:06,919 - INFO -   Avg lift: 6.84
2026-04-25 16:40:06,919 - INFO -   Max lift: 41.05
2026-04-25 16:40:06,919 - INFO -   Avg cosine: 0.2024
2026-04-25 16:40:06,919 - INFO -   Avg kulczynski: 0.3157
2026-04-25 16:40:06,919 - INFO -   Avg all_confidence: 0.1021
2026-04-25 16:40:06,919 - INFO -   Avg max_confidence: 0.5294
2026-04-25 16:40:06,919 - INFO -   Avg imbalance_ratio: 0.7172
2026-04-25 16:40:06,919 - INFO - [OK] Apriori complete

2026-04-25 16:40:06,919 - INFO - ======================================================================
2026-04-25 16:40:06,919 - INFO - FP-GROWTH ALGORITHM
2026-04-25 16:40:06,919 - INFO - ======================================================================
2026-04-25 16:40:06,919 - INFO - 
Support threshold: 0.2%
2026-04-25 16:40:06,924 - INFO - Frequent itemsets: 173
2026-04-25 16:40:06,926 - INFO - Association rules (confidence >= 30%): 25
2026-04-25 16:40:06,931 - INFO -   Avg support: 0.0157
2026-04-25 16:40:06,931 - INFO -   Avg confidence: 52.93%
2026-04-25 16:40:06,931 - INFO -   Avg lift: 6.84
2026-04-25 16:40:06,931 - INFO -   Max lift: 41.05
2026-04-25 16:40:06,931 - INFO -   Avg cosine: 0.2024
2026-04-25 16:40:06,931 - INFO -   Avg kulczynski: 0.3157
2026-04-25 16:40:06,931 - INFO -   Avg all_confidence: 0.1021
2026-04-25 16:40:06,931 - INFO -   Avg max_confidence: 0.5294
2026-04-25 16:40:06,931 - INFO -   Avg imbalance_ratio: 0.7172
2026-04-25 16:40:06,932 - INFO - [OK] FP-Growth complete

2026-04-25 16:40:06,932 - INFO - ======================================================================
2026-04-25 16:40:06,932 - INFO - ALGORITHM CONVERGENCE VALIDATION
2026-04-25 16:40:06,932 - INFO - ======================================================================
2026-04-25 16:40:06,932 - INFO - 
Apriori rules: 25
2026-04-25 16:40:06,932 - INFO - FP-Growth rules: 25
2026-04-25 16:40:06,932 - INFO - [OK] 100% CONVERGENCE: Both algorithms produced identical rule counts
2026-04-25 16:40:06,932 - INFO - 
Convergence status: PASS

2026-04-25 16:40:06,932 - INFO - ======================================================================
2026-04-25 16:40:06,932 - INFO - SAVING RESULTS
2026-04-25 16:40:06,932 - INFO - ======================================================================
2026-04-25 16:40:06,938 - INFO - 
Rules saved to: C:\Users\sdnr1\OneDrive\Desktop\DM_project\phase2\new_implementation\outputs\cross_category\cross_category_rules.csv
2026-04-25 16:40:06,939 - INFO - Export copy saved to: C:\Users\sdnr1\OneDrive\Desktop\DM_project\phase2\new_implementation\outputs\exports\cross_category_rules_export.csv
2026-04-25 16:40:06,940 - INFO - Summary saved to: C:\Users\sdnr1\OneDrive\Desktop\DM_project\phase2\new_implementation\outputs\cross_category\cross_category_summary.txt
2026-04-25 16:40:07,801 - INFO - Visualizations saved to: C:\Users\sdnr1\OneDrive\Desktop\DM_project\phase2\new_implementation\outputs\visualizations
2026-04-25 16:40:07,802 - INFO - [OK] Results saved

2026-04-25 16:40:07,802 - INFO - ======================================================================
2026-04-25 16:40:07,802 - INFO - CROSS-CATEGORY ARM COMPLETE
2026-04-25 16:40:07,802 - INFO - ======================================================================

2026-04-25 16:45:46,155 - INFO - 
======================================================================
2026-04-25 16:45:46,156 - INFO - PHASE 2: CROSS-CATEGORY ASSOCIATION RULE MINING
2026-04-25 16:45:46,156 - INFO - ======================================================================

2026-04-25 16:45:46,156 - INFO - ======================================================================
2026-04-25 16:45:46,156 - INFO - CROSS-CATEGORY ARM: DATA PREPARATION
2026-04-25 16:45:46,156 - INFO - ======================================================================
2026-04-25 16:45:46,408 - INFO - 
Total orders analyzed: 780
2026-04-25 16:45:46,408 - INFO - Total items in multi-category orders: 1,686
2026-04-25 16:45:46,408 - INFO - Avg items per multi-category order: 2.16
2026-04-25 16:45:46,416 - INFO - 
Baskets created: 780
2026-04-25 16:45:46,417 - INFO - Avg categories per basket: 2.02
2026-04-25 16:45:46,417 - INFO - Matrix shape: (780, 62) (62 unique categories)
2026-04-25 16:45:46,418 - INFO - Sparsity: 96.7%
2026-04-25 16:45:46,419 - INFO - [OK] Data preparation complete

2026-04-25 16:45:46,426 - INFO - ======================================================================
2026-04-25 16:45:46,426 - INFO - APRIORI ALGORITHM
2026-04-25 16:45:46,426 - INFO - ======================================================================
2026-04-25 16:45:46,426 - INFO - 
Support threshold: 0.2%
2026-04-25 16:45:46,436 - INFO - Frequent itemsets: 173
2026-04-25 16:45:46,439 - INFO - Association rules (confidence >= 30%): 25
2026-04-25 16:45:46,443 - INFO -   Avg support: 0.0157
2026-04-25 16:45:46,443 - INFO -   Avg confidence: 52.93%
2026-04-25 16:45:46,443 - INFO -   Avg lift: 6.84
2026-04-25 16:45:46,443 - INFO -   Max lift: 41.05
2026-04-25 16:45:46,444 - INFO -   Avg cosine: 0.2024
2026-04-25 16:45:46,444 - INFO -   Avg kulczynski: 0.3157
2026-04-25 16:45:46,444 - INFO -   Avg all_confidence: 0.1021
2026-04-25 16:45:46,444 - INFO -   Avg max_confidence: 0.5294
2026-04-25 16:45:46,444 - INFO -   Avg imbalance_ratio: 0.7172
2026-04-25 16:45:46,444 - INFO - [OK] Apriori complete

2026-04-25 16:45:46,445 - INFO - ======================================================================
2026-04-25 16:45:46,445 - INFO - FP-GROWTH ALGORITHM
2026-04-25 16:45:46,445 - INFO - ======================================================================
2026-04-25 16:45:46,445 - INFO - 
Support threshold: 0.2%
2026-04-25 16:45:46,450 - INFO - Frequent itemsets: 173
2026-04-25 16:45:46,452 - INFO - Association rules (confidence >= 30%): 25
2026-04-25 16:45:46,455 - INFO -   Avg support: 0.0157
2026-04-25 16:45:46,455 - INFO -   Avg confidence: 52.93%
2026-04-25 16:45:46,455 - INFO -   Avg lift: 6.84
2026-04-25 16:45:46,455 - INFO -   Max lift: 41.05
2026-04-25 16:45:46,455 - INFO -   Avg cosine: 0.2024
2026-04-25 16:45:46,455 - INFO -   Avg kulczynski: 0.3157
2026-04-25 16:45:46,455 - INFO -   Avg all_confidence: 0.1021
2026-04-25 16:45:46,455 - INFO -   Avg max_confidence: 0.5294
2026-04-25 16:45:46,456 - INFO -   Avg imbalance_ratio: 0.7172
2026-04-25 16:45:46,456 - INFO - [OK] FP-Growth complete

2026-04-25 16:45:46,456 - INFO - ======================================================================
2026-04-25 16:45:46,456 - INFO - ALGORITHM CONVERGENCE VALIDATION
2026-04-25 16:45:46,456 - INFO - ======================================================================
2026-04-25 16:45:46,456 - INFO - 
Apriori rules: 25
2026-04-25 16:45:46,456 - INFO - FP-Growth rules: 25
2026-04-25 16:45:46,456 - INFO - [OK] 100% CONVERGENCE: Both algorithms produced identical rule counts
2026-04-25 16:45:46,457 - INFO - 
Convergence status: PASS

2026-04-25 16:45:46,457 - INFO - ======================================================================
2026-04-25 16:45:46,457 - INFO - SAVING RESULTS
2026-04-25 16:45:46,457 - INFO - ======================================================================
2026-04-25 16:45:46,464 - INFO - 
Rules saved to: C:\Users\sdnr1\OneDrive\Desktop\DM_project\phase2\new_implementation\outputs\cross_category\cross_category_rules.csv
2026-04-25 16:45:46,475 - INFO - Exports saved to: C:\Users\sdnr1\OneDrive\Desktop\DM_project\phase2\new_implementation\outputs\cross_category\exports
2026-04-25 16:45:46,476 - INFO - Summary saved to: C:\Users\sdnr1\OneDrive\Desktop\DM_project\phase2\new_implementation\outputs\cross_category\cross_category_summary.txt
2026-04-25 16:45:48,418 - INFO - Visualizations saved to: C:\Users\sdnr1\OneDrive\Desktop\DM_project\phase2\new_implementation\outputs\cross_category\visualizations
2026-04-25 16:45:48,418 - INFO - [OK] Results saved

2026-04-25 16:45:48,418 - INFO - ======================================================================
2026-04-25 16:45:48,418 - INFO - CROSS-CATEGORY ARM COMPLETE
2026-04-25 16:45:48,418 - INFO - ======================================================================

2026-04-26 02:08:11,204 - INFO - 
======================================================================
2026-04-26 02:08:11,205 - INFO - PHASE 2: CROSS-CATEGORY ASSOCIATION RULE MINING
2026-04-26 02:08:11,205 - INFO - ======================================================================

2026-04-26 02:08:11,205 - INFO - ======================================================================
2026-04-26 02:08:11,205 - INFO - CROSS-CATEGORY ARM: DATA PREPARATION
2026-04-26 02:08:11,205 - INFO - ======================================================================
2026-04-26 02:08:11,469 - INFO - 
Total orders analyzed: 780
2026-04-26 02:08:11,469 - INFO - Total items in multi-category orders: 1,686
2026-04-26 02:08:11,469 - INFO - Avg items per multi-category order: 2.16
2026-04-26 02:08:11,482 - INFO - 
Baskets created: 780
2026-04-26 02:08:11,482 - INFO - Avg categories per basket: 2.02
2026-04-26 02:08:11,482 - INFO - Matrix shape: (780, 62) (62 unique categories)
2026-04-26 02:08:11,483 - INFO - Sparsity: 96.7%
2026-04-26 02:08:11,483 - INFO - [OK] Data preparation complete

2026-04-26 02:08:11,491 - INFO - ======================================================================
2026-04-26 02:08:11,491 - INFO - APRIORI ALGORITHM
2026-04-26 02:08:11,491 - INFO - ======================================================================
2026-04-26 02:08:11,491 - INFO - 
Support threshold: 0.2%
2026-04-26 02:08:11,502 - INFO - Frequent itemsets: 173
2026-04-26 02:08:11,504 - INFO - Association rules (confidence >= 30%): 25
2026-04-26 02:08:11,506 - INFO -   Avg support: 0.0157
2026-04-26 02:08:11,507 - INFO -   Avg confidence: 52.93%
2026-04-26 02:08:11,507 - INFO -   Avg lift: 6.84
2026-04-26 02:08:11,507 - INFO -   Max lift: 41.05
2026-04-26 02:08:11,507 - INFO -   Avg cosine: 0.2024
2026-04-26 02:08:11,507 - INFO -   Avg kulczynski: 0.3157
2026-04-26 02:08:11,509 - INFO -   Avg all_confidence: 0.1021
2026-04-26 02:08:11,509 - INFO -   Avg max_confidence: 0.5294
2026-04-26 02:08:11,509 - INFO -   Avg imbalance_ratio: 0.7172
2026-04-26 02:08:11,509 - INFO - [OK] Apriori complete

2026-04-26 02:08:11,509 - INFO - ======================================================================
2026-04-26 02:08:11,509 - INFO - FP-GROWTH ALGORITHM
2026-04-26 02:08:11,509 - INFO - ======================================================================
2026-04-26 02:08:11,509 - INFO - 
Support threshold: 0.2%
2026-04-26 02:08:11,514 - INFO - Frequent itemsets: 173
2026-04-26 02:08:11,516 - INFO - Association rules (confidence >= 30%): 25
2026-04-26 02:08:11,518 - INFO -   Avg support: 0.0157
2026-04-26 02:08:11,519 - INFO -   Avg confidence: 52.93%
2026-04-26 02:08:11,519 - INFO -   Avg lift: 6.84
2026-04-26 02:08:11,519 - INFO -   Max lift: 41.05
2026-04-26 02:08:11,519 - INFO -   Avg cosine: 0.2024
2026-04-26 02:08:11,519 - INFO -   Avg kulczynski: 0.3157
2026-04-26 02:08:11,519 - INFO -   Avg all_confidence: 0.1021
2026-04-26 02:08:11,519 - INFO -   Avg max_confidence: 0.5294
2026-04-26 02:08:11,519 - INFO -   Avg imbalance_ratio: 0.7172
2026-04-26 02:08:11,519 - INFO - [OK] FP-Growth complete

2026-04-26 02:08:11,519 - INFO - ======================================================================
2026-04-26 02:08:11,519 - INFO - ALGORITHM CONVERGENCE VALIDATION
2026-04-26 02:08:11,519 - INFO - ======================================================================
2026-04-26 02:08:11,519 - INFO - 
Apriori rules: 25
2026-04-26 02:08:11,519 - INFO - FP-Growth rules: 25
2026-04-26 02:08:11,519 - INFO - [OK] 100% CONVERGENCE: Both algorithms produced identical rule counts
2026-04-26 02:08:11,519 - INFO - 
Convergence status: PASS

2026-04-26 02:08:11,520 - INFO - ======================================================================
2026-04-26 02:08:11,520 - INFO - SAVING RESULTS
2026-04-26 02:08:11,520 - INFO - ======================================================================
2026-04-26 02:08:11,522 - INFO - 
Rules saved to: C:\Users\sdnr1\OneDrive\Desktop\DM_project\phase2\new_implementation\outputs\cross_category\cross_category_rules.csv
2026-04-26 02:08:11,532 - INFO - Exports saved to: C:\Users\sdnr1\OneDrive\Desktop\DM_project\phase2\new_implementation\outputs\cross_category\exports
2026-04-26 02:08:11,533 - INFO - Summary saved to: C:\Users\sdnr1\OneDrive\Desktop\DM_project\phase2\new_implementation\outputs\cross_category\cross_category_summary.txt
2026-04-26 02:08:15,445 - INFO - Visualizations saved to: C:\Users\sdnr1\OneDrive\Desktop\DM_project\phase2\new_implementation\outputs\cross_category\visualizations
2026-04-26 02:08:15,446 - INFO - [OK] Results saved

2026-04-26 02:08:15,447 - INFO - ======================================================================
2026-04-26 02:08:15,447 - INFO - CROSS-CATEGORY ARM COMPLETE
2026-04-26 02:08:15,447 - INFO - ======================================================================

